[debug] [2022-12-31T12:27:23.741Z] ----------------------------------------------------------------------
[debug] [2022-12-31T12:27:23.743Z] Command:       /usr/bin/node /usr/bin/firebase init
[debug] [2022-12-31T12:27:23.744Z] CLI Version:   11.19.0
[debug] [2022-12-31T12:27:23.744Z] Platform:      linux
[debug] [2022-12-31T12:27:23.744Z] Node Version:  v19.3.0
[debug] [2022-12-31T12:27:23.744Z] Time:          Sat Dec 31 2022 13:27:23 GMT+0100 (Central European Standard Time)
[debug] [2022-12-31T12:27:23.744Z] ----------------------------------------------------------------------
[debug] 
[debug] [2022-12-31T12:27:23.749Z] > command requires scopes: ["email","openid","https://www.googleapis.com/auth/cloudplatformprojects.readonly","https://www.googleapis.com/auth/firebase","https://www.googleapis.com/auth/cloud-platform"]
[debug] [2022-12-31T12:27:23.750Z] > authorizing via signed-in user (thunderray16@gmail.com)
[info] 
     ######## #### ########  ######## ########     ###     ######  ########
     ##        ##  ##     ## ##       ##     ##  ##   ##  ##       ##
     ######    ##  ########  ######   ########  #########  ######  ######
     ##        ##  ##    ##  ##       ##     ## ##     ##       ## ##
     ##       #### ##     ## ######## ########  ##     ##  ######  ########

You're about to initialize a Firebase project in this directory:

  /srv/http/ciclo/React/firebase-blog

Before we get started, keep in mind:

  * You are currently outside your home directory

[info] 
=== Project Setup
[info] 
[info] First, let's associate this project directory with a Firebase project.
[info] You can create multiple project aliases by running firebase use --add, 
[info] but for now we'll just set up a default project.
[info] 
[debug] [2022-12-31T12:28:43.652Z] >>> [apiv2][query] GET https://firebase.googleapis.com/v1beta1/projects pageSize=100
[debug] [2022-12-31T12:28:44.266Z] <<< [apiv2][status] GET https://firebase.googleapis.com/v1beta1/projects 200
[debug] [2022-12-31T12:28:44.266Z] <<< [apiv2][body] GET https://firebase.googleapis.com/v1beta1/projects [omitted]
[info] i  Using project react-hook-form-8b9d5 (react-hook-form) 
[info] 
=== Hosting Setup
[info] 
[info] Your public directory is the folder (relative to your project directory) that
[info] will contain Hosting assets to be uploaded with firebase deploy. If you
[info] have a build process for your assets, use your build's output directory.
[info] 
[info] ✔  Wrote public/404.html 
[debug] [2022-12-31T12:30:27.649Z] >>> [apiv2][query] GET https://www.gstatic.com/firebasejs/releases.json [none]
[debug] [2022-12-31T12:30:27.736Z] <<< [apiv2][status] GET https://www.gstatic.com/firebasejs/releases.json 200
[debug] [2022-12-31T12:30:27.736Z] <<< [apiv2][body] GET https://www.gstatic.com/firebasejs/releases.json {"current":{"version":"9.15.0","browserURL":"https://www.gstatic.com/firebasejs/9.15.0/firebase.js","packageURL":"https://www.gstatic.com/firebasejs/9.15.0/firebase.tgz"},"live":{"version":"9.15","browserURL":"https://www.gstatic.com/firebasejs/live/9.15/firebase.js","packageURL":"https://www.gstatic.com/firebasejs/live/9.15/firebase.tgz"},"components":{"analytics":"https://www.gstatic.com/firebasejs/9.15.0/firebase-analytics.js","app":"https://www.gstatic.com/firebasejs/9.15.0/firebase-app.js","app-check":"https://www.gstatic.com/firebasejs/9.15.0/firebase-app-check.js","auth":"https://www.gstatic.com/firebasejs/9.15.0/firebase-auth.js","auth/cordova":"https://www.gstatic.com/firebasejs/9.15.0/firebase-auth/cordova.js","auth/react-native":"https://www.gstatic.com/firebasejs/9.15.0/firebase-auth/react-native.js","functions":"https://www.gstatic.com/firebasejs/9.15.0/firebase-functions.js","firestore":"https://www.gstatic.com/firebasejs/9.15.0/firebase-firestore.js","firestore/lite":"https://www.gstatic.com/firebasejs/9.15.0/firebase-firestore/lite.js","installations":"https://www.gstatic.com/firebasejs/9.15.0/firebase-installations.js","storage":"https://www.gstatic.com/firebasejs/9.15.0/firebase-storage.js","performance":"https://www.gstatic.com/firebasejs/9.15.0/firebase-performance.js","remote-config":"https://www.gstatic.com/firebasejs/9.15.0/firebase-remote-config.js","messaging":"https://www.gstatic.com/firebasejs/9.15.0/firebase-messaging.js","messaging/sw":"https://www.gstatic.com/firebasejs/9.15.0/firebase-messaging/sw.js","database":"https://www.gstatic.com/firebasejs/9.15.0/firebase-database.js","firestore.memory":"https://www.gstatic.com/firebasejs/9.15.0/firebase-firestore.memory.js"}}
[info] i  Skipping write of public/index.html 
[info] 
[info] i  Detected a .git folder at /srv/http/ciclo/React/firebase-blog 
[info] i  Authorizing with GitHub to upload your service account to a GitHub repository's secrets store. 
[info] 
[info] Visit this URL on this device to log in:
[info] https://github.com/login/oauth/authorize?client_id=89cf50f02ac6aaed3484&state=238996549&redirect_uri=http%3A%2F%2Flocalhost%3A9005&scope=read%3Auser%20repo%20public_repo
[info] 
[info] Waiting for authentication...
[debug] [2022-12-31T12:31:02.875Z] >>> [apiv2][query] POST https://github.com/login/oauth/access_token [none]
[debug] [2022-12-31T12:31:02.875Z] >>> [apiv2][body] POST https://github.com/login/oauth/access_token [stream]
[debug] [2022-12-31T12:31:03.424Z] <<< [apiv2][status] POST https://github.com/login/oauth/access_token 200
[debug] [2022-12-31T12:31:03.424Z] <<< [apiv2][body] POST https://github.com/login/oauth/access_token {"access_token":"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","token_type":"bearer","scope":"read:user,repo"}
[debug] [2022-12-31T12:31:03.429Z] >>> [apiv2][query] GET https://api.github.com/user [none]
[debug] [2022-12-31T12:31:03.842Z] <<< [apiv2][status] GET https://api.github.com/user 200
[debug] [2022-12-31T12:31:03.843Z] <<< [apiv2][body] GET https://api.github.com/user {"login":"rIftimie","id":93254156,"node_id":"U_kgDOBY7yDA","avatar_url":"https://avatars.githubusercontent.com/u/93254156?v=4","gravatar_id":"","url":"https://api.github.com/users/rIftimie","html_url":"https://github.com/rIftimie","followers_url":"https://api.github.com/users/rIftimie/followers","following_url":"https://api.github.com/users/rIftimie/following{/other_user}","gists_url":"https://api.github.com/users/rIftimie/gists{/gist_id}","starred_url":"https://api.github.com/users/rIftimie/starred{/owner}{/repo}","subscriptions_url":"https://api.github.com/users/rIftimie/subscriptions","organizations_url":"https://api.github.com/users/rIftimie/orgs","repos_url":"https://api.github.com/users/rIftimie/repos","events_url":"https://api.github.com/users/rIftimie/events{/privacy}","received_events_url":"https://api.github.com/users/rIftimie/received_events","type":"User","site_admin":false,"name":"Robert","company":null,"blog":"","location":null,"email":null,"hireable":null,"bio":null,"twitter_username":null,"public_repos":3,"public_gists":0,"followers":0,"following":0,"created_at":"2021-10-27T09:23:55Z","updated_at":"2022-12-26T11:15:03Z","private_gists":0,"total_private_repos":4,"owned_private_repos":4,"disk_usage":13552,"collaborators":0,"two_factor_authentication":false,"plan":{"name":"free","space":976562499,"collaborators":0,"private_repos":10000}}
[info] 
[info] ✔  Success! Logged into GitHub as rIftimie 
[info] 
